<?xml version="1.0" encoding="UTF-8"?>
<testng-results skipped="0" failed="0" ignored="0" total="1" passed="1">
  <reporter-output>
  </reporter-output>
  <suite name="NSW Trip Planner Automation Suite" duration-ms="51934" started-at="2018-09-18T22:47:48Z" finished-at="2018-09-18T22:48:40Z">
    <groups>
    </groups>
    <test name="Functional Test" duration-ms="51934" started-at="2018-09-18T22:47:48Z" finished-at="2018-09-18T22:48:40Z">
      <class name="com.qa.ahq.nswtripplanner.tests.NswTripPlannerTest">
        <test-method status="PASS" signature="initializeTestBaseSetup(java.lang.String, java.lang.String)[pri:0, instance:com.qa.ahq.nswtripplanner.tests.NswTripPlannerTest@23faf8f2]" name="initializeTestBaseSetup" is-config="true" duration-ms="34210" started-at="2018-09-18T22:47:49Z" finished-at="2018-09-18T22:48:23Z">
          <params>
            <param index="0">
              <value>
                <![CDATA[CH]]>
              </value>
            </param>
            <param index="1">
              <value>
                <![CDATA[https://transportnsw.info/trip#/]]>
              </value>
            </param>
          </params>
          <reporter-output>
          </reporter-output>
        </test-method> <!-- initializeTestBaseSetup -->
        <test-method status="PASS" signature="validateListOfTripReturned()[pri:0, instance:com.qa.ahq.nswtripplanner.tests.NswTripPlannerTest@23faf8f2]" name="validateListOfTripReturned" duration-ms="16454" started-at="2018-09-18T22:48:23Z" finished-at="2018-09-18T22:48:39Z">
          <reporter-output>
          </reporter-output>
        </test-method> <!-- validateListOfTripReturned -->
        <test-method status="PASS" signature="tearDown()[pri:0, instance:com.qa.ahq.nswtripplanner.tests.NswTripPlannerTest@23faf8f2]" name="tearDown" is-config="true" duration-ms="1136" started-at="2018-09-18T22:48:39Z" finished-at="2018-09-18T22:48:40Z">
          <reporter-output>
          </reporter-output>
        </test-method> <!-- tearDown -->
      </class> <!-- com.qa.ahq.nswtripplanner.tests.NswTripPlannerTest -->
    </test> <!-- Functional Test -->
  </suite> <!-- NSW Trip Planner Automation Suite -->
</testng-results>
