<?xml version="1.0" encoding="UTF-8"?>
<testng-results skipped="0" failed="0" ignored="0" total="1" passed="1">
  <reporter-output>
  </reporter-output>
  <suite name="NSW Trip Planner Automation Suite" duration-ms="110324" started-at="2018-09-18T23:09:13Z" finished-at="2018-09-18T23:11:03Z">
    <groups>
    </groups>
    <test name="Functional Test" duration-ms="110324" started-at="2018-09-18T23:09:13Z" finished-at="2018-09-18T23:11:03Z">
      <class name="com.qa.ahq.nswtripplanner.tests.NswTripPlannerTest">
        <test-method status="PASS" signature="initializeTestBaseSetup(java.lang.String, java.lang.String)[pri:0, instance:com.qa.ahq.nswtripplanner.tests.NswTripPlannerTest@6121c9d6]" name="initializeTestBaseSetup" is-config="true" duration-ms="78344" started-at="2018-09-18T23:09:13Z" finished-at="2018-09-18T23:10:31Z">
          <params>
            <param index="0">
              <value>
                <![CDATA[CH]]>
              </value>
            </param>
            <param index="1">
              <value>
                <![CDATA[https://transportnsw.info/trip#/]]>
              </value>
            </param>
          </params>
          <reporter-output>
          </reporter-output>
        </test-method> <!-- initializeTestBaseSetup -->
        <test-method status="PASS" signature="validateListOfTripReturned()[pri:0, instance:com.qa.ahq.nswtripplanner.tests.NswTripPlannerTest@6121c9d6]" name="validateListOfTripReturned" duration-ms="28892" started-at="2018-09-18T23:10:31Z" finished-at="2018-09-18T23:11:00Z">
          <reporter-output>
          </reporter-output>
        </test-method> <!-- validateListOfTripReturned -->
        <test-method status="PASS" signature="tearDown()[pri:0, instance:com.qa.ahq.nswtripplanner.tests.NswTripPlannerTest@6121c9d6]" name="tearDown" is-config="true" duration-ms="2988" started-at="2018-09-18T23:11:00Z" finished-at="2018-09-18T23:11:03Z">
          <reporter-output>
          </reporter-output>
        </test-method> <!-- tearDown -->
      </class> <!-- com.qa.ahq.nswtripplanner.tests.NswTripPlannerTest -->
    </test> <!-- Functional Test -->
  </suite> <!-- NSW Trip Planner Automation Suite -->
</testng-results>
